<?xml version="1.0" encoding="UTF-8"?>
<testsuite name="example.cashcard.CashCardJsonTest" tests="2" skipped="0" failures="0" errors="0" timestamp="2025-05-10T01:57:30.721Z" hostname="MacBook-Air-de-Edgar.local" time="0.4">
  <properties/>
  <testcase name="cashCardSerializationTest()" classname="example.cashcard.CashCardJsonTest" time="0.277"/>
  <testcase name="cashCardDeserializationTest()" classname="example.cashcard.CashCardJsonTest" time="0.114"/>
  <system-out><![CDATA[2025-05-09T19:57:30.322-06:00  INFO 62568 --- [CashCard] [    Test worker] t.c.s.AnnotationConfigContextLoaderUtils : Could not detect default configuration classes for test class [example.cashcard.CashCardJsonTest]: CashCardJsonTest does not declare any static, non-private, non-final, nested classes annotated with @Configuration.
2025-05-09T19:57:30.366-06:00  INFO 62568 --- [CashCard] [    Test worker] .b.t.c.SpringBootTestContextBootstrapper : Found @SpringBootConfiguration example.cashcard.CashCardApplication for test class example.cashcard.CashCardJsonTest

  .   ____          _            __ _ _
 /\\ / ___'_ __ _ _(_)_ __  __ _ \ \ \ \
( ( )\___ | '_ | '_| | '_ \/ _` | \ \ \ \
 \\/  ___)| |_)| | | | | || (_| |  ) ) ) )
  '  |____| .__|_| |_|_| |_\__, | / / / /
 =========|_|==============|___/=/_/_/_/

 :: Spring Boot ::               (v3.3.11)

2025-05-09T19:57:30.491-06:00  INFO 62568 --- [CashCard] [    Test worker] example.cashcard.CashCardJsonTest        : Starting CashCardJsonTest using Java 17.0.9 with PID 62568 (started by edgareduardoespindola in /Users/edgareduardoespindola/Documents/VisualEstudio/springexamples/spring-certification/cashcard)
2025-05-09T19:57:30.492-06:00  INFO 62568 --- [CashCard] [    Test worker] example.cashcard.CashCardJsonTest        : No active profile set, falling back to 1 default profile: "default"
2025-05-09T19:57:30.703-06:00  INFO 62568 --- [CashCard] [    Test worker] example.cashcard.CashCardJsonTest        : Started CashCardJsonTest in 0.329 seconds (process running for 9.842)
]]></system-out>
  <system-err><![CDATA[]]></system-err>
</testsuite>
